2021-08-16 12:12:28 4448 [Note] Plugin 'FEDERATED' is disabled.
2021-08-16 12:12:28 4448 [Note] InnoDB: Using atomics to ref count buffer pool pages
2021-08-16 12:12:28 4448 [Note] InnoDB: The InnoDB memory heap is disabled
2021-08-16 12:12:28 4448 [Note] InnoDB: Mutexes and rw_locks use Windows interlocked functions
2021-08-16 12:12:28 4448 [Note] InnoDB: Memory barrier is not used
2021-08-16 12:12:28 4448 [Note] InnoDB: Compressed tables use zlib 1.2.3
2021-08-16 12:12:28 4448 [Note] InnoDB: Not using CPU crc32 instructions
2021-08-16 12:12:28 4448 [Note] InnoDB: Initializing buffer pool, size = 128.0M
2021-08-16 12:12:28 4448 [Note] InnoDB: Completed initialization of buffer pool
2021-08-16 12:12:28 4448 [Note] InnoDB: Setting log file C:\Users\ryans\Desktop\CODING\Desenvolvimento-de-sistemas-ETEC\DS-II\usbwebserver\mysql\data\ib_logfile101 size to 5 MB
2021-08-16 12:12:28 4448 [Note] InnoDB: Setting log file C:\Users\ryans\Desktop\CODING\Desenvolvimento-de-sistemas-ETEC\DS-II\usbwebserver\mysql\data\ib_logfile1 size to 5 MB
2021-08-16 12:12:29 4448 [Note] InnoDB: Renaming log file C:\Users\ryans\Desktop\CODING\Desenvolvimento-de-sistemas-ETEC\DS-II\usbwebserver\mysql\data\ib_logfile101 to C:\Users\ryans\Desktop\CODING\Desenvolvimento-de-sistemas-ETEC\DS-II\usbwebserver\mysql\data\ib_logfile0
2021-08-16 12:12:29 4448 [Warning] InnoDB: New log files created, LSN=1626134
2021-08-16 12:12:29 4448 [Note] InnoDB: Highest supported file format is Barracuda.
2021-08-16 12:12:29 261c InnoDB: Error: page 5 log sequence number 1626646
InnoDB: is in the future! Current system log sequence number 1626636.
InnoDB: Your database may be corrupt or you may have copied the InnoDB
InnoDB: tablespace but not the InnoDB log files. See
InnoDB: http://dev.mysql.com/doc/refman/5.6/en/forcing-innodb-recovery.html
InnoDB: for more information.
2021-08-16 12:12:30 4448 [Note] InnoDB: 128 rollback segment(s) are active.
2021-08-16 12:12:30 4448 [Note] InnoDB: Waiting for purge to start
2021-08-16 12:12:30 4448 [Note] InnoDB: 5.6.34 started; log sequence number 1626636
2021-08-16 12:12:30 4448 [Warning] No existing UUID has been found, so we assume that this is the first time that this server has been started. Generating a new UUID: 60173c2c-fea4-11eb-aa00-02508b370d3b.
2021-08-16 12:12:30 4448 [Note] Server hostname (bind-address): '*'; port: 3306
2021-08-16 12:12:30 4448 [Note] IPv6 is available.
2021-08-16 12:12:30 4448 [Note]   - '::' resolves to '::';
2021-08-16 12:12:30 4448 [Note] Server socket created on IP: '::'.
2021-08-16 12:12:47 8244 [Note] Plugin 'FEDERATED' is disabled.
2021-08-16 12:12:47 8244 [Note] InnoDB: Using atomics to ref count buffer pool pages
2021-08-16 12:12:47 8244 [Note] InnoDB: The InnoDB memory heap is disabled
2021-08-16 12:12:47 8244 [Note] InnoDB: Mutexes and rw_locks use Windows interlocked functions
2021-08-16 12:12:47 8244 [Note] InnoDB: Memory barrier is not used
2021-08-16 12:12:47 8244 [Note] InnoDB: Compressed tables use zlib 1.2.3
2021-08-16 12:12:47 8244 [Note] InnoDB: Not using CPU crc32 instructions
2021-08-16 12:12:47 8244 [Note] InnoDB: Initializing buffer pool, size = 128.0M
2021-08-16 12:12:47 8244 [Note] InnoDB: Completed initialization of buffer pool
2021-08-16 12:12:47 8244 [Note] InnoDB: Highest supported file format is Barracuda.
2021-08-16 12:12:48 8244 [Note] InnoDB: The log sequence numbers 1626134 and 1626134 in ibdata files do not match the log sequence number 1626646 in the ib_logfiles!
2021-08-16 12:12:48 8244 [Note] InnoDB: Database was not shutdown normally!
2021-08-16 12:12:48 8244 [Note] InnoDB: Starting crash recovery.
2021-08-16 12:12:48 8244 [Note] InnoDB: Reading tablespace information from the .ibd files...
2021-08-16 12:12:48 8244 [Note] InnoDB: Restoring possible half-written data pages 
2021-08-16 12:12:48 8244 [Note] InnoDB: from the doublewrite buffer...
2021-08-16 12:12:48 8244 [Note] InnoDB: 128 rollback segment(s) are active.
2021-08-16 12:12:48 8244 [Note] InnoDB: Waiting for purge to start
2021-08-16 12:12:48 8244 [Note] InnoDB: 5.6.34 started; log sequence number 1626646
2021-08-16 12:12:48 8244 [Note] Server hostname (bind-address): '*'; port: 3307
2021-08-16 12:12:48 8244 [Note] IPv6 is available.
2021-08-16 12:12:48 8244 [Note]   - '::' resolves to '::';
2021-08-16 12:12:48 8244 [Note] Server socket created on IP: '::'.
2021-08-16 12:12:48 8244 [Note] Event Scheduler: Loaded 0 events
2021-08-16 12:12:48 8244 [Note] C:\Users\ryans\Desktop\CODING\Desenvolvimento-de-sistemas-ETEC\DS-II\usbwebserver/mysql/bin/mysqld_usbwv8.exe: ready for connections.
Version: '5.6.34'  socket: ''  port: 3307  MySQL Community Server (GPL)
2021-08-16 12:12:53 13744 [Note] Plugin 'FEDERATED' is disabled.
2021-08-16 12:12:53 13744 [Note] InnoDB: Using atomics to ref count buffer pool pages
2021-08-16 12:12:53 13744 [Note] InnoDB: The InnoDB memory heap is disabled
2021-08-16 12:12:53 13744 [Note] InnoDB: Mutexes and rw_locks use Windows interlocked functions
2021-08-16 12:12:53 13744 [Note] InnoDB: Memory barrier is not used
2021-08-16 12:12:53 13744 [Note] InnoDB: Compressed tables use zlib 1.2.3
2021-08-16 12:12:53 13744 [Note] InnoDB: Not using CPU crc32 instructions
2021-08-16 12:12:53 13744 [Note] InnoDB: Initializing buffer pool, size = 128.0M
2021-08-16 12:12:53 13744 [Note] InnoDB: Completed initialization of buffer pool
2021-08-16 12:12:53 13744 [Note] InnoDB: Highest supported file format is Barracuda.
2021-08-16 12:12:53 13744 [Note] InnoDB: The log sequence numbers 1626134 and 1626134 in ibdata files do not match the log sequence number 1626656 in the ib_logfiles!
2021-08-16 12:12:53 13744 [Note] InnoDB: Database was not shutdown normally!
2021-08-16 12:12:53 13744 [Note] InnoDB: Starting crash recovery.
2021-08-16 12:12:53 13744 [Note] InnoDB: Reading tablespace information from the .ibd files...
2021-08-16 12:12:53 13744 [Note] InnoDB: Restoring possible half-written data pages 
2021-08-16 12:12:53 13744 [Note] InnoDB: from the doublewrite buffer...
2021-08-16 12:12:54 13744 [Note] InnoDB: 128 rollback segment(s) are active.
2021-08-16 12:12:54 13744 [Note] InnoDB: Waiting for purge to start
2021-08-16 12:12:54 13744 [Note] InnoDB: 5.6.34 started; log sequence number 1626656
2021-08-16 12:12:54 13744 [Note] Server hostname (bind-address): '*'; port: 3307
2021-08-16 12:12:54 13744 [Note] IPv6 is available.
2021-08-16 12:12:54 13744 [Note]   - '::' resolves to '::';
2021-08-16 12:12:54 13744 [Note] Server socket created on IP: '::'.
2021-08-23 10:59:19 14256 [Note] Plugin 'FEDERATED' is disabled.
2021-08-23 10:59:19 14256 [Note] InnoDB: Using atomics to ref count buffer pool pages
2021-08-23 10:59:19 14256 [Note] InnoDB: The InnoDB memory heap is disabled
2021-08-23 10:59:19 14256 [Note] InnoDB: Mutexes and rw_locks use Windows interlocked functions
2021-08-23 10:59:19 14256 [Note] InnoDB: Memory barrier is not used
2021-08-23 10:59:19 14256 [Note] InnoDB: Compressed tables use zlib 1.2.3
2021-08-23 10:59:19 14256 [Note] InnoDB: Not using CPU crc32 instructions
2021-08-23 10:59:19 14256 [Note] InnoDB: Initializing buffer pool, size = 128.0M
2021-08-23 10:59:19 14256 [Note] InnoDB: Completed initialization of buffer pool
2021-08-23 10:59:20 14256 [Note] InnoDB: Highest supported file format is Barracuda.
2021-08-23 10:59:20 14256 [Note] InnoDB: The log sequence numbers 1626134 and 1626134 in ibdata files do not match the log sequence number 1626666 in the ib_logfiles!
2021-08-23 10:59:20 14256 [Note] InnoDB: Database was not shutdown normally!
2021-08-23 10:59:20 14256 [Note] InnoDB: Starting crash recovery.
2021-08-23 10:59:20 14256 [Note] InnoDB: Reading tablespace information from the .ibd files...
2021-08-23 10:59:20 14256 [Note] InnoDB: Restoring possible half-written data pages 
2021-08-23 10:59:20 14256 [Note] InnoDB: from the doublewrite buffer...
2021-08-23 10:59:22 14256 [Note] InnoDB: 128 rollback segment(s) are active.
2021-08-23 10:59:22 14256 [Note] InnoDB: Waiting for purge to start
2021-08-23 10:59:22 14256 [Note] InnoDB: 5.6.34 started; log sequence number 1626666
2021-08-23 10:59:22 14256 [Note] Server hostname (bind-address): '*'; port: 3307
2021-08-23 10:59:22 14256 [Note] IPv6 is available.
2021-08-23 10:59:22 14256 [Note]   - '::' resolves to '::';
2021-08-23 10:59:22 14256 [Note] Server socket created on IP: '::'.
